<?xml version="1.0" encoding="UTF-8"?>
<!-- Generated by org.testng.reporters.JUnitReportReporter -->
<testsuite hostname="SJC-1RCHIKATI-M.local" failures="0" tests="2" name="Practice.TestNgBasics" time="0.013" errors="0" timestamp="17 Oct 2018 20:09:59 GMT" skipped="0">
  <testcase classname="Practice.TestNgBasics" name="test2" time="0.002"/>
  <testcase classname="Practice.TestNgBasics" name="test1" time="0.011"/>
</testsuite> <!-- Practice.TestNgBasics -->
