<?xml version="1.0" encoding="UTF-8"?>
<!-- Generated by org.testng.reporters.JUnitReportReporter -->
<testsuite hostname="SJC-1RCHIKATI-M.local" failures="0" tests="4" name="Practice.AnnotationsTest" time="16.218" errors="0" timestamp="16 Oct 2018 22:55:15 GMT" skipped="0">
  <testcase classname="Practice.AnnotationsTest" name="testCase04" time="3.828"/>
  <testcase classname="Practice.AnnotationsTest" name="testCase04" time="4.994"/>
  <testcase classname="Practice.AnnotationsTest" name="testCase04" time="4.164"/>
  <testcase classname="Practice.AnnotationsTest" name="testCase04" time="3.232"/>
</testsuite> <!-- Practice.AnnotationsTest -->
